<?xml version="1.0" encoding="UTF-8"?>
<testsuite name="EventTest" tests="14" skipped="0" failures="0" errors="0" timestamp="2016-09-09T18:35:13" hostname="Ben-Vissotzkys-MacBook-Pro.local" time="0.013">
  <properties/>
  <testcase name="newEvent_returnsFood_Snacks" classname="EventTest" time="0.003"/>
  <testcase name="newEvent_returnsVenueCost_500" classname="EventTest" time="0.0"/>
  <testcase name="newEvent_returnsBandCost_2000" classname="EventTest" time="0.0"/>
  <testcase name="newEvent_returnsGuestCost_200" classname="EventTest" time="0.0"/>
  <testcase name="newEvent_returnsAlcohol_True" classname="EventTest" time="0.0"/>
  <testcase name="newEvent_returnsFoodCost_500" classname="EventTest" time="0.0"/>
  <testcase name="newEvent_returnsGuestNumber_100" classname="EventTest" time="0.0"/>
  <testcase name="newEvent_returnsVenue_Patio" classname="EventTest" time="0.0"/>
  <testcase name="newEvent_returnsBandCostWithAlcohol_0" classname="EventTest" time="0.0"/>
  <testcase name="newEvent_returnsBand_Ruckers" classname="EventTest" time="0.0"/>
  <testcase name="newEvent_returnsDurationCost_150" classname="EventTest" time="0.0"/>
  <testcase name="newEvent_returnsDuration_60" classname="EventTest" time="0.0"/>
  <testcase name="newEvent_returnsEventCost_500" classname="EventTest" time="0.0"/>
  <testcase name="newEvent_instantiatesCorrectly_True" classname="EventTest" time="0.0"/>
  <system-out><![CDATA[]]></system-out>
  <system-err><![CDATA[]]></system-err>
</testsuite>
