<?xml version="1.0" encoding="UTF-8"?>
<testsuite name="EventTest" tests="2" skipped="0" failures="0" errors="0" timestamp="2016-09-09T16:16:14" hostname="Ben-Vissotzkys-MacBook-Pro.local" time="0.004">
  <properties/>
  <testcase name="newEvent_returnsGuestNumber_True" classname="EventTest" time="0.004"/>
  <testcase name="newEvent_instantiatesCorrectly_True" classname="EventTest" time="0.0"/>
  <system-out><![CDATA[]]></system-out>
  <system-err><![CDATA[]]></system-err>
</testsuite>
